[0.678s] DEBUG:colcon:Command line arguments: ['/usr/bin/colcon', 'build', '--symlink-install']
[0.678s] DEBUG:colcon:Parsed command line arguments: Namespace(log_base=None, log_level=None, verb_name='build', build_base='build', install_base='install', merge_install=False, symlink_install=True, test_result_base=None, continue_on_error=False, executor='parallel', parallel_workers=8, event_handlers=None, ignore_user_meta=False, metas=['./colcon.meta'], base_paths=['.'], packages_ignore=None, packages_ignore_regex=None, paths=None, packages_up_to=None, packages_up_to_regex=None, packages_above=None, packages_above_and_dependencies=None, packages_above_depth=None, packages_select_by_dep=None, packages_skip_by_dep=None, packages_skip_up_to=None, packages_select_build_failed=False, packages_skip_build_finished=False, packages_select_test_failures=False, packages_skip_test_passed=False, packages_select=None, packages_skip=None, packages_select_regex=None, packages_skip_regex=None, packages_start=None, packages_end=None, allow_overriding=[], cmake_args=None, cmake_target=None, cmake_target_skip_unavailable=False, cmake_clean_cache=False, cmake_clean_first=False, cmake_force_configure=False, ament_cmake_args=None, catkin_cmake_args=None, catkin_skip_building_tests=False, mixin_files=None, mixin=None, verb_parser=<colcon_mixin.mixin.mixin_argument.MixinArgumentDecorator object at 0x77d3350496c0>, verb_extension=<colcon_core.verb.build.BuildVerb object at 0x77d335049030>, main=<bound method BuildVerb.main of <colcon_core.verb.build.BuildVerb object at 0x77d335049030>>, mixin_verb=('build',))
[7.347s] Level 1:colcon.colcon_core.package_discovery:discover_packages(colcon_meta) check parameters
[7.348s] Level 1:colcon.colcon_core.package_discovery:discover_packages(recursive) check parameters
[7.348s] Level 1:colcon.colcon_core.package_discovery:discover_packages(ignore) check parameters
[7.348s] Level 1:colcon.colcon_core.package_discovery:discover_packages(path) check parameters
[7.348s] Level 1:colcon.colcon_core.package_discovery:discover_packages(colcon_meta) discover
[7.348s] Level 1:colcon.colcon_core.package_discovery:discover_packages(recursive) discover
[7.348s] INFO:colcon.colcon_core.package_discovery:Crawling recursively for packages in '/home/lami/Task/task4ws'
[7.349s] Level 1:colcon.colcon_core.package_identification:_identify(.) by extensions ['ignore', 'ignore_ament_install']
[7.349s] Level 1:colcon.colcon_core.package_identification:_identify(.) by extension 'ignore'
[7.349s] Level 1:colcon.colcon_core.package_identification:_identify(.) by extension 'ignore_ament_install'
[7.349s] Level 1:colcon.colcon_core.package_identification:_identify(.) by extensions ['colcon_pkg']
[7.350s] Level 1:colcon.colcon_core.package_identification:_identify(.) by extension 'colcon_pkg'
[7.350s] Level 1:colcon.colcon_core.package_identification:_identify(.) by extensions ['colcon_meta']
[7.350s] Level 1:colcon.colcon_core.package_identification:_identify(.) by extension 'colcon_meta'
[7.350s] Level 1:colcon.colcon_core.package_identification:_identify(.) by extensions ['ros']
[7.350s] Level 1:colcon.colcon_core.package_identification:_identify(.) by extension 'ros'
[7.412s] Level 1:colcon.colcon_core.package_identification:_identify(.) by extensions ['cmake', 'python']
[7.412s] Level 1:colcon.colcon_core.package_identification:_identify(.) by extension 'cmake'
[7.412s] Level 1:colcon.colcon_core.package_identification:_identify(.) by extension 'python'
[7.412s] Level 1:colcon.colcon_core.package_identification:_identify(.) by extensions ['python_setup_py']
[7.412s] Level 1:colcon.colcon_core.package_identification:_identify(.) by extension 'python_setup_py'
[7.412s] Level 1:colcon.colcon_core.package_identification:_identify(arm_description) by extensions ['ignore', 'ignore_ament_install']
[7.413s] Level 1:colcon.colcon_core.package_identification:_identify(arm_description) by extension 'ignore'
[7.413s] Level 1:colcon.colcon_core.package_identification:_identify(arm_description) by extension 'ignore_ament_install'
[7.413s] Level 1:colcon.colcon_core.package_identification:_identify(arm_description) by extensions ['colcon_pkg']
[7.413s] Level 1:colcon.colcon_core.package_identification:_identify(arm_description) by extension 'colcon_pkg'
[7.413s] Level 1:colcon.colcon_core.package_identification:_identify(arm_description) by extensions ['colcon_meta']
[7.413s] Level 1:colcon.colcon_core.package_identification:_identify(arm_description) by extension 'colcon_meta'
[7.413s] Level 1:colcon.colcon_core.package_identification:_identify(arm_description) by extensions ['ros']
[7.413s] Level 1:colcon.colcon_core.package_identification:_identify(arm_description) by extension 'ros'
[7.437s] DEBUG:colcon.colcon_core.package_identification:Package 'arm_description' with type 'ros.ament_cmake' and name 'arm_description'
[7.452s] Level 1:colcon.colcon_core.package_identification:_identify(build) by extensions ['ignore', 'ignore_ament_install']
[7.452s] Level 1:colcon.colcon_core.package_identification:_identify(build) by extension 'ignore'
[7.452s] Level 1:colcon.colcon_core.package_identification:_identify(build) ignored
[7.453s] Level 1:colcon.colcon_core.package_identification:_identify(install) by extensions ['ignore', 'ignore_ament_install']
[7.454s] Level 1:colcon.colcon_core.package_identification:_identify(install) by extension 'ignore'
[7.454s] Level 1:colcon.colcon_core.package_identification:_identify(install) ignored
[7.454s] Level 1:colcon.colcon_core.package_identification:_identify(log) by extensions ['ignore', 'ignore_ament_install']
[7.454s] Level 1:colcon.colcon_core.package_identification:_identify(log) by extension 'ignore'
[7.454s] Level 1:colcon.colcon_core.package_identification:_identify(log) ignored
[7.455s] Level 1:colcon.colcon_core.package_discovery:discover_packages(recursive) using defaults
[7.455s] Level 1:colcon.colcon_core.package_discovery:discover_packages(ignore) discover
[7.455s] Level 1:colcon.colcon_core.package_discovery:discover_packages(ignore) using defaults
[7.455s] Level 1:colcon.colcon_core.package_discovery:discover_packages(path) discover
[7.455s] Level 1:colcon.colcon_core.package_discovery:discover_packages(path) using defaults
[7.904s] Level 1:colcon.colcon_core.package_discovery:discover_packages(prefix_path) check parameters
[7.904s] Level 1:colcon.colcon_core.package_discovery:discover_packages(prefix_path) discover
[7.984s] DEBUG:colcon.colcon_installed_package_information.package_discovery:Found 1 installed packages in /home/lami/Task/task4ws/install
[8.022s] DEBUG:colcon.colcon_installed_package_information.package_discovery:Found 319 installed packages in /opt/ros/humble
[8.028s] Level 1:colcon.colcon_core.package_discovery:discover_packages(prefix_path) using defaults
[10.887s] Level 5:colcon.colcon_core.verb:set package 'arm_description' build argument 'cmake_args' from command line to 'None'
[10.887s] Level 5:colcon.colcon_core.verb:set package 'arm_description' build argument 'cmake_target' from command line to 'None'
[10.887s] Level 5:colcon.colcon_core.verb:set package 'arm_description' build argument 'cmake_target_skip_unavailable' from command line to 'False'
[10.887s] Level 5:colcon.colcon_core.verb:set package 'arm_description' build argument 'cmake_clean_cache' from command line to 'False'
[10.887s] Level 5:colcon.colcon_core.verb:set package 'arm_description' build argument 'cmake_clean_first' from command line to 'False'
[10.887s] Level 5:colcon.colcon_core.verb:set package 'arm_description' build argument 'cmake_force_configure' from command line to 'False'
[10.887s] Level 5:colcon.colcon_core.verb:set package 'arm_description' build argument 'ament_cmake_args' from command line to 'None'
[10.887s] Level 5:colcon.colcon_core.verb:set package 'arm_description' build argument 'catkin_cmake_args' from command line to 'None'
[10.887s] Level 5:colcon.colcon_core.verb:set package 'arm_description' build argument 'catkin_skip_building_tests' from command line to 'False'
[10.887s] DEBUG:colcon.colcon_core.verb:Building package 'arm_description' with the following arguments: {'ament_cmake_args': None, 'build_base': '/home/lami/Task/task4ws/build/arm_description', 'catkin_cmake_args': None, 'catkin_skip_building_tests': False, 'cmake_args': None, 'cmake_clean_cache': False, 'cmake_clean_first': False, 'cmake_force_configure': False, 'cmake_target': None, 'cmake_target_skip_unavailable': False, 'install_base': '/home/lami/Task/task4ws/install/arm_description', 'merge_install': False, 'path': '/home/lami/Task/task4ws/arm_description', 'symlink_install': True, 'test_result_base': None}
[10.887s] INFO:colcon.colcon_core.executor:Executing jobs using 'parallel' executor
[10.889s] DEBUG:colcon.colcon_parallel_executor.executor.parallel:run_until_complete
[10.889s] INFO:colcon.colcon_ros.task.ament_cmake.build:Building ROS package in '/home/lami/Task/task4ws/arm_description' with build type 'ament_cmake'
[10.889s] INFO:colcon.colcon_cmake.task.cmake.build:Building CMake package in '/home/lami/Task/task4ws/arm_description'
[10.969s] INFO:colcon.colcon_core.plugin_system:Skipping extension 'colcon_core.shell.bat': Not used on non-Windows systems
[10.969s] INFO:colcon.colcon_core.shell:Skip shell extension 'powershell' for command environment: Not usable outside of PowerShell
[10.969s] DEBUG:colcon.colcon_core.shell:Skip shell extension 'dsv' for command environment
[11.136s] DEBUG:colcon.colcon_core.event_handler.log_command:Invoking command in '/home/lami/Task/task4ws/build/arm_description': CMAKE_PREFIX_PATH=${CMAKE_PREFIX_PATH}:/opt/ros/humble /usr/bin/cmake --build /home/lami/Task/task4ws/build/arm_description -- -j8 -l8
[13.796s] DEBUG:colcon.colcon_core.event_handler.log_command:Invoked command in '/home/lami/Task/task4ws/build/arm_description' returned '0': CMAKE_PREFIX_PATH=${CMAKE_PREFIX_PATH}:/opt/ros/humble /usr/bin/cmake --build /home/lami/Task/task4ws/build/arm_description -- -j8 -l8
[13.821s] DEBUG:colcon.colcon_core.event_handler.log_command:Invoking command in '/home/lami/Task/task4ws/build/arm_description': CMAKE_PREFIX_PATH=${CMAKE_PREFIX_PATH}:/opt/ros/humble /usr/bin/cmake --install /home/lami/Task/task4ws/build/arm_description
[13.966s] Level 1:colcon.colcon_core.environment:create_environment_scripts_only(arm_description)
[13.967s] DEBUG:colcon.colcon_core.event_handler.log_command:Invoked command in '/home/lami/Task/task4ws/build/arm_description' returned '0': CMAKE_PREFIX_PATH=${CMAKE_PREFIX_PATH}:/opt/ros/humble /usr/bin/cmake --install /home/lami/Task/task4ws/build/arm_description
[14.109s] Level 1:colcon.colcon_core.environment:checking '/home/lami/Task/task4ws/install/arm_description' for CMake module files
[14.112s] Level 1:colcon.colcon_core.environment:checking '/home/lami/Task/task4ws/install/arm_description' for CMake config files
[14.181s] Level 1:colcon.colcon_core.shell:create_environment_hook('arm_description', 'cmake_prefix_path')
[14.182s] INFO:colcon.colcon_core.shell:Creating environment hook '/home/lami/Task/task4ws/install/arm_description/share/arm_description/hook/cmake_prefix_path.ps1'
[14.193s] INFO:colcon.colcon_core.shell:Creating environment descriptor '/home/lami/Task/task4ws/install/arm_description/share/arm_description/hook/cmake_prefix_path.dsv'
[14.222s] INFO:colcon.colcon_core.shell:Creating environment hook '/home/lami/Task/task4ws/install/arm_description/share/arm_description/hook/cmake_prefix_path.sh'
[14.224s] Level 1:colcon.colcon_core.environment:checking '/home/lami/Task/task4ws/install/arm_description/bin'
[14.224s] Level 1:colcon.colcon_core.environment:checking '/home/lami/Task/task4ws/install/arm_description/lib/pkgconfig/arm_description.pc'
[14.225s] Level 1:colcon.colcon_core.environment:checking '/home/lami/Task/task4ws/install/arm_description/lib/python3.10/site-packages'
[14.225s] Level 1:colcon.colcon_core.environment:checking '/home/lami/Task/task4ws/install/arm_description/bin'
[14.225s] INFO:colcon.colcon_core.shell:Creating package script '/home/lami/Task/task4ws/install/arm_description/share/arm_description/package.ps1'
[14.227s] INFO:colcon.colcon_core.shell:Creating package descriptor '/home/lami/Task/task4ws/install/arm_description/share/arm_description/package.dsv'
[14.247s] INFO:colcon.colcon_core.shell:Creating package script '/home/lami/Task/task4ws/install/arm_description/share/arm_description/package.sh'
[14.250s] INFO:colcon.colcon_core.shell:Creating package script '/home/lami/Task/task4ws/install/arm_description/share/arm_description/package.bash'
[14.252s] INFO:colcon.colcon_core.shell:Creating package script '/home/lami/Task/task4ws/install/arm_description/share/arm_description/package.zsh'
[14.303s] Level 1:colcon.colcon_core.environment:create_file_with_runtime_dependencies(/home/lami/Task/task4ws/install/arm_description/share/colcon-core/packages/arm_description)
[14.304s] Level 1:colcon.colcon_core.environment:create_environment_scripts_only(arm_description)
[14.304s] Level 1:colcon.colcon_core.environment:checking '/home/lami/Task/task4ws/install/arm_description' for CMake module files
[14.305s] Level 1:colcon.colcon_core.environment:checking '/home/lami/Task/task4ws/install/arm_description' for CMake config files
[14.306s] Level 1:colcon.colcon_core.shell:create_environment_hook('arm_description', 'cmake_prefix_path')
[14.307s] INFO:colcon.colcon_core.shell:Creating environment hook '/home/lami/Task/task4ws/install/arm_description/share/arm_description/hook/cmake_prefix_path.ps1'
[14.308s] INFO:colcon.colcon_core.shell:Creating environment descriptor '/home/lami/Task/task4ws/install/arm_description/share/arm_description/hook/cmake_prefix_path.dsv'
[14.309s] INFO:colcon.colcon_core.shell:Creating environment hook '/home/lami/Task/task4ws/install/arm_description/share/arm_description/hook/cmake_prefix_path.sh'
[14.310s] Level 1:colcon.colcon_core.environment:checking '/home/lami/Task/task4ws/install/arm_description/bin'
[14.310s] Level 1:colcon.colcon_core.environment:checking '/home/lami/Task/task4ws/install/arm_description/lib/pkgconfig/arm_description.pc'
[14.310s] Level 1:colcon.colcon_core.environment:checking '/home/lami/Task/task4ws/install/arm_description/lib/python3.10/site-packages'
[14.311s] Level 1:colcon.colcon_core.environment:checking '/home/lami/Task/task4ws/install/arm_description/bin'
[14.311s] INFO:colcon.colcon_core.shell:Creating package script '/home/lami/Task/task4ws/install/arm_description/share/arm_description/package.ps1'
[14.312s] INFO:colcon.colcon_core.shell:Creating package descriptor '/home/lami/Task/task4ws/install/arm_description/share/arm_description/package.dsv'
[14.313s] INFO:colcon.colcon_core.shell:Creating package script '/home/lami/Task/task4ws/install/arm_description/share/arm_description/package.sh'
[14.314s] INFO:colcon.colcon_core.shell:Creating package script '/home/lami/Task/task4ws/install/arm_description/share/arm_description/package.bash'
[14.315s] INFO:colcon.colcon_core.shell:Creating package script '/home/lami/Task/task4ws/install/arm_description/share/arm_description/package.zsh'
[14.319s] Level 1:colcon.colcon_core.environment:create_file_with_runtime_dependencies(/home/lami/Task/task4ws/install/arm_description/share/colcon-core/packages/arm_description)
[14.321s] DEBUG:colcon.colcon_parallel_executor.executor.parallel:closing loop
[14.322s] DEBUG:colcon.colcon_parallel_executor.executor.parallel:loop closed
[14.322s] DEBUG:colcon.colcon_parallel_executor.executor.parallel:run_until_complete finished with '0'
[14.322s] DEBUG:colcon.colcon_core.event_reactor:joining thread
[14.450s] INFO:colcon.colcon_core.plugin_system:Skipping extension 'colcon_notification.desktop_notification.notify_send': Could not find 'notify-send'
[14.450s] INFO:colcon.colcon_core.plugin_system:Skipping extension 'colcon_notification.desktop_notification.terminal_notifier': Not used on non-Darwin systems
[14.450s] INFO:colcon.colcon_core.plugin_system:Skipping extension 'colcon_notification.desktop_notification.win32': Not used on non-Windows systems
[14.450s] INFO:colcon.colcon_notification.desktop_notification:Sending desktop notification using 'notify2'
[14.451s] DEBUG:colcon.colcon_notification.desktop_notification.notify2:Failed to initialize notify2: org.freedesktop.DBus.Error.FileNotFound: Failed to connect to socket /run/user/1000/bus: No such file or directory
[14.451s] DEBUG:colcon.colcon_core.event_reactor:joined thread
[14.451s] INFO:colcon.colcon_core.shell:Creating prefix script '/home/lami/Task/task4ws/install/local_setup.ps1'
[14.453s] INFO:colcon.colcon_core.shell:Creating prefix util module '/home/lami/Task/task4ws/install/_local_setup_util_ps1.py'
[14.456s] INFO:colcon.colcon_core.shell:Creating prefix chain script '/home/lami/Task/task4ws/install/setup.ps1'
[14.458s] INFO:colcon.colcon_core.shell:Creating prefix script '/home/lami/Task/task4ws/install/local_setup.sh'
[14.459s] INFO:colcon.colcon_core.shell:Creating prefix util module '/home/lami/Task/task4ws/install/_local_setup_util_sh.py'
[14.460s] INFO:colcon.colcon_core.shell:Creating prefix chain script '/home/lami/Task/task4ws/install/setup.sh'
[14.463s] INFO:colcon.colcon_core.shell:Creating prefix script '/home/lami/Task/task4ws/install/local_setup.bash'
[14.464s] INFO:colcon.colcon_core.shell:Creating prefix chain script '/home/lami/Task/task4ws/install/setup.bash'
[14.466s] INFO:colcon.colcon_core.shell:Creating prefix script '/home/lami/Task/task4ws/install/local_setup.zsh'
[14.468s] INFO:colcon.colcon_core.shell:Creating prefix chain script '/home/lami/Task/task4ws/install/setup.zsh'
