[0.141s] Invoking command in '/home/lami/Task/task4ws/build/arm_description': CMAKE_PREFIX_PATH=${CMAKE_PREFIX_PATH}:/opt/ros/humble /usr/bin/cmake /home/lami/Task/task4ws/arm_description -DAMENT_CMAKE_SYMLINK_INSTALL=1 -DCMAKE_INSTALL_PREFIX=/home/lami/Task/task4ws/install/arm_description
[2.273s] -- The C compiler identification is GNU 11.4.0
[3.152s] -- The CXX compiler identification is GNU 11.4.0
[3.405s] -- Detecting C compiler ABI info
[3.782s] -- Detecting C compiler ABI info - done
[3.789s] -- Check for working C compiler: /usr/bin/cc - skipped
[3.790s] -- Detecting C compile features
[3.806s] -- Detecting C compile features - done
[3.846s] -- Detecting CXX compiler ABI info
[4.089s] -- Detecting CXX compiler ABI info - done
[4.096s] -- Check for working CXX compiler: /usr/bin/c++ - skipped
[4.097s] -- Detecting CXX compile features
[4.097s] -- Detecting CXX compile features - done
[4.321s] -- Found ament_cmake: 1.3.12 (/opt/ros/humble/share/ament_cmake/cmake)
[4.738s] -- Found Python3: /usr/bin/python3 (found version "3.10.12") found components: Interpreter 
[4.931s] -- Override CMake install command with custom implementation using symlinks instead of copying resources
[5.180s] -- Found ament_lint_auto: 0.12.14 (/opt/ros/humble/share/ament_lint_auto/cmake)
[5.362s] -- Added test 'lint_cmake' to check CMake code style
[5.371s] -- Added test 'xmllint' to check XML markup files
[5.377s] -- Configuring done
[5.389s] -- Generating done
[5.395s] -- Build files have been written to: /home/lami/Task/task4ws/build/arm_description
[5.402s] Invoked command in '/home/lami/Task/task4ws/build/arm_description' returned '0': CMAKE_PREFIX_PATH=${CMAKE_PREFIX_PATH}:/opt/ros/humble /usr/bin/cmake /home/lami/Task/task4ws/arm_description -DAMENT_CMAKE_SYMLINK_INSTALL=1 -DCMAKE_INSTALL_PREFIX=/home/lami/Task/task4ws/install/arm_description
[5.406s] Invoking command in '/home/lami/Task/task4ws/build/arm_description': CMAKE_PREFIX_PATH=${CMAKE_PREFIX_PATH}:/opt/ros/humble /usr/bin/cmake --build /home/lami/Task/task4ws/build/arm_description -- -j8 -l8
[5.446s] Invoked command in '/home/lami/Task/task4ws/build/arm_description' returned '0': CMAKE_PREFIX_PATH=${CMAKE_PREFIX_PATH}:/opt/ros/humble /usr/bin/cmake --build /home/lami/Task/task4ws/build/arm_description -- -j8 -l8
[5.458s] Invoking command in '/home/lami/Task/task4ws/build/arm_description': CMAKE_PREFIX_PATH=${CMAKE_PREFIX_PATH}:/opt/ros/humble /usr/bin/cmake --install /home/lami/Task/task4ws/build/arm_description
[5.467s] -- Install configuration: ""
[5.468s] -- Execute custom install script
[5.469s] -- Symlinking: /home/lami/Task/task4ws/install/arm_description/share/arm_description/meshes/base_link.stl
[5.480s] -- Symlinking: /home/lami/Task/task4ws/install/arm_description/share/arm_description/meshes/gripper_lite.stl
[5.489s] -- Symlinking: /home/lami/Task/task4ws/install/arm_description/share/arm_description/meshes/gripper_lite.stl:Zone.Identifier
[5.498s] -- Symlinking: /home/lami/Task/task4ws/install/arm_description/share/arm_description/meshes/link1.stl:Zone.Identifier
[5.508s] -- Symlinking: /home/lami/Task/task4ws/install/arm_description/share/arm_description/meshes/link2.stl:Zone.Identifier
[5.518s] -- Symlinking: /home/lami/Task/task4ws/install/arm_description/share/arm_description/meshes/link3.stl:Zone.Identifier
[5.530s] -- Symlinking: /home/lami/Task/task4ws/install/arm_description/share/arm_description/meshes/link4.stl:Zone.Identifier
[5.540s] -- Symlinking: /home/lami/Task/task4ws/install/arm_description/share/arm_description/meshes/link5.stl:Zone.Identifier
[5.550s] -- Symlinking: /home/lami/Task/task4ws/install/arm_description/share/arm_description/meshes/link6.stl:Zone.Identifier
[5.559s] -- Symlinking: /home/lami/Task/task4ws/install/arm_description/share/arm_description/meshes/link_1.stl
[5.569s] -- Symlinking: /home/lami/Task/task4ws/install/arm_description/share/arm_description/meshes/link_2.stl
[5.579s] -- Symlinking: /home/lami/Task/task4ws/install/arm_description/share/arm_description/meshes/link_3.stl
[5.588s] -- Symlinking: /home/lami/Task/task4ws/install/arm_description/share/arm_description/meshes/link_4.stl
[5.598s] -- Symlinking: /home/lami/Task/task4ws/install/arm_description/share/arm_description/meshes/link_5.stl
[5.607s] -- Symlinking: /home/lami/Task/task4ws/install/arm_description/share/arm_description/meshes/link_6.stl
[5.617s] -- Symlinking: /home/lami/Task/task4ws/install/arm_description/share/arm_description/meshes/link_base.stl:Zone.Identifier
[5.628s] -- Symlinking: /home/lami/Task/task4ws/install/arm_description/share/arm_description/urdf/arm.urdf
[5.638s] -- Symlinking: /home/lami/Task/task4ws/install/arm_description/share/ament_index/resource_index/package_run_dependencies/arm_description
[5.649s] -- Symlinking: /home/lami/Task/task4ws/install/arm_description/share/ament_index/resource_index/parent_prefix_path/arm_description
[5.660s] -- Symlinking: /home/lami/Task/task4ws/install/arm_description/share/arm_description/environment/ament_prefix_path.sh
[5.671s] -- Symlinking: /home/lami/Task/task4ws/install/arm_description/share/arm_description/environment/ament_prefix_path.dsv
[5.681s] -- Symlinking: /home/lami/Task/task4ws/install/arm_description/share/arm_description/environment/path.sh
[5.691s] -- Symlinking: /home/lami/Task/task4ws/install/arm_description/share/arm_description/environment/path.dsv
[5.701s] -- Symlinking: /home/lami/Task/task4ws/install/arm_description/share/arm_description/local_setup.bash
[5.711s] -- Symlinking: /home/lami/Task/task4ws/install/arm_description/share/arm_description/local_setup.sh
[5.722s] -- Symlinking: /home/lami/Task/task4ws/install/arm_description/share/arm_description/local_setup.zsh
[5.732s] -- Symlinking: /home/lami/Task/task4ws/install/arm_description/share/arm_description/local_setup.dsv
[5.742s] -- Symlinking: /home/lami/Task/task4ws/install/arm_description/share/arm_description/package.dsv
[5.752s] -- Symlinking: /home/lami/Task/task4ws/install/arm_description/share/ament_index/resource_index/packages/arm_description
[5.762s] -- Symlinking: /home/lami/Task/task4ws/install/arm_description/share/arm_description/cmake/arm_descriptionConfig.cmake
[5.772s] -- Symlinking: /home/lami/Task/task4ws/install/arm_description/share/arm_description/cmake/arm_descriptionConfig-version.cmake
[5.781s] -- Symlinking: /home/lami/Task/task4ws/install/arm_description/share/arm_description/package.xml
[5.793s] Invoked command in '/home/lami/Task/task4ws/build/arm_description' returned '0': CMAKE_PREFIX_PATH=${CMAKE_PREFIX_PATH}:/opt/ros/humble /usr/bin/cmake --install /home/lami/Task/task4ws/build/arm_description
