[1.274s] DEBUG:colcon:Command line arguments: ['/usr/bin/colcon', 'build', '--symlink-install']
[1.274s] DEBUG:colcon:Parsed command line arguments: Namespace(log_base=None, log_level=None, verb_name='build', build_base='build', install_base='install', merge_install=False, symlink_install=True, test_result_base=None, continue_on_error=False, executor='parallel', parallel_workers=8, event_handlers=None, ignore_user_meta=False, metas=['./colcon.meta'], base_paths=['.'], packages_ignore=None, packages_ignore_regex=None, paths=None, packages_up_to=None, packages_up_to_regex=None, packages_above=None, packages_above_and_dependencies=None, packages_above_depth=None, packages_select_by_dep=None, packages_skip_by_dep=None, packages_skip_up_to=None, packages_select_build_failed=False, packages_skip_build_finished=False, packages_select_test_failures=False, packages_skip_test_passed=False, packages_select=None, packages_skip=None, packages_select_regex=None, packages_skip_regex=None, packages_start=None, packages_end=None, allow_overriding=[], cmake_args=None, cmake_target=None, cmake_target_skip_unavailable=False, cmake_clean_cache=False, cmake_clean_first=False, cmake_force_configure=False, ament_cmake_args=None, catkin_cmake_args=None, catkin_skip_building_tests=False, mixin_files=None, mixin=None, verb_parser=<colcon_mixin.mixin.mixin_argument.MixinArgumentDecorator object at 0x7b332fa4d6c0>, verb_extension=<colcon_core.verb.build.BuildVerb object at 0x7b332fa4d030>, main=<bound method BuildVerb.main of <colcon_core.verb.build.BuildVerb object at 0x7b332fa4d030>>, mixin_verb=('build',))
[9.342s] Level 1:colcon.colcon_core.package_discovery:discover_packages(colcon_meta) check parameters
[9.342s] Level 1:colcon.colcon_core.package_discovery:discover_packages(recursive) check parameters
[9.342s] Level 1:colcon.colcon_core.package_discovery:discover_packages(ignore) check parameters
[9.342s] Level 1:colcon.colcon_core.package_discovery:discover_packages(path) check parameters
[9.342s] Level 1:colcon.colcon_core.package_discovery:discover_packages(colcon_meta) discover
[9.342s] Level 1:colcon.colcon_core.package_discovery:discover_packages(recursive) discover
[9.342s] INFO:colcon.colcon_core.package_discovery:Crawling recursively for packages in '/home/lami/Task/task4ws'
[9.342s] Level 1:colcon.colcon_core.package_identification:_identify(.) by extensions ['ignore', 'ignore_ament_install']
[9.342s] Level 1:colcon.colcon_core.package_identification:_identify(.) by extension 'ignore'
[9.342s] Level 1:colcon.colcon_core.package_identification:_identify(.) by extension 'ignore_ament_install'
[9.343s] Level 1:colcon.colcon_core.package_identification:_identify(.) by extensions ['colcon_pkg']
[9.343s] Level 1:colcon.colcon_core.package_identification:_identify(.) by extension 'colcon_pkg'
[9.343s] Level 1:colcon.colcon_core.package_identification:_identify(.) by extensions ['colcon_meta']
[9.343s] Level 1:colcon.colcon_core.package_identification:_identify(.) by extension 'colcon_meta'
[9.343s] Level 1:colcon.colcon_core.package_identification:_identify(.) by extensions ['ros']
[9.343s] Level 1:colcon.colcon_core.package_identification:_identify(.) by extension 'ros'
[9.353s] Level 1:colcon.colcon_core.package_identification:_identify(.) by extensions ['cmake', 'python']
[9.353s] Level 1:colcon.colcon_core.package_identification:_identify(.) by extension 'cmake'
[9.353s] Level 1:colcon.colcon_core.package_identification:_identify(.) by extension 'python'
[9.353s] Level 1:colcon.colcon_core.package_identification:_identify(.) by extensions ['python_setup_py']
[9.353s] Level 1:colcon.colcon_core.package_identification:_identify(.) by extension 'python_setup_py'
[9.354s] Level 1:colcon.colcon_core.package_identification:_identify(arm_description) by extensions ['ignore', 'ignore_ament_install']
[9.354s] Level 1:colcon.colcon_core.package_identification:_identify(arm_description) by extension 'ignore'
[9.354s] Level 1:colcon.colcon_core.package_identification:_identify(arm_description) by extension 'ignore_ament_install'
[9.354s] Level 1:colcon.colcon_core.package_identification:_identify(arm_description) by extensions ['colcon_pkg']
[9.354s] Level 1:colcon.colcon_core.package_identification:_identify(arm_description) by extension 'colcon_pkg'
[9.354s] Level 1:colcon.colcon_core.package_identification:_identify(arm_description) by extensions ['colcon_meta']
[9.354s] Level 1:colcon.colcon_core.package_identification:_identify(arm_description) by extension 'colcon_meta'
[9.354s] Level 1:colcon.colcon_core.package_identification:_identify(arm_description) by extensions ['ros']
[9.354s] Level 1:colcon.colcon_core.package_identification:_identify(arm_description) by extension 'ros'
[9.428s] DEBUG:colcon.colcon_core.package_identification:Package 'arm_description' with type 'ros.ament_cmake' and name 'arm_description'
[9.428s] Level 1:colcon.colcon_core.package_identification:_identify(build) by extensions ['ignore', 'ignore_ament_install']
[9.428s] Level 1:colcon.colcon_core.package_identification:_identify(build) by extension 'ignore'
[9.429s] Level 1:colcon.colcon_core.package_identification:_identify(build) ignored
[9.429s] Level 1:colcon.colcon_core.package_identification:_identify(install) by extensions ['ignore', 'ignore_ament_install']
[9.429s] Level 1:colcon.colcon_core.package_identification:_identify(install) by extension 'ignore'
[9.429s] Level 1:colcon.colcon_core.package_identification:_identify(install) ignored
[9.429s] Level 1:colcon.colcon_core.package_identification:_identify(log) by extensions ['ignore', 'ignore_ament_install']
[9.429s] Level 1:colcon.colcon_core.package_identification:_identify(log) by extension 'ignore'
[9.429s] Level 1:colcon.colcon_core.package_identification:_identify(log) ignored
[9.429s] Level 1:colcon.colcon_core.package_discovery:discover_packages(recursive) using defaults
[9.429s] Level 1:colcon.colcon_core.package_discovery:discover_packages(ignore) discover
[9.429s] Level 1:colcon.colcon_core.package_discovery:discover_packages(ignore) using defaults
[9.429s] Level 1:colcon.colcon_core.package_discovery:discover_packages(path) discover
[9.429s] Level 1:colcon.colcon_core.package_discovery:discover_packages(path) using defaults
[9.823s] Level 1:colcon.colcon_core.package_discovery:discover_packages(prefix_path) check parameters
[9.823s] Level 1:colcon.colcon_core.package_discovery:discover_packages(prefix_path) discover
[9.868s] WARNING:colcon.colcon_ros.prefix_path.ament:The path '/home/lami/Task/task4ws/install/arm_description' in the environment variable AMENT_PREFIX_PATH doesn't exist
[9.881s] WARNING:colcon.colcon_ros.prefix_path.catkin:The path '/home/lami/Task/task4ws/install/arm_description' in the environment variable CMAKE_PREFIX_PATH doesn't exist
[9.886s] DEBUG:colcon.colcon_installed_package_information.package_discovery:Found 0 installed packages in /home/lami/Task/task4ws/install
[9.930s] DEBUG:colcon.colcon_installed_package_information.package_discovery:Found 319 installed packages in /opt/ros/humble
[9.931s] Level 1:colcon.colcon_core.package_discovery:discover_packages(prefix_path) using defaults
[13.363s] Level 5:colcon.colcon_core.verb:set package 'arm_description' build argument 'cmake_args' from command line to 'None'
[13.363s] Level 5:colcon.colcon_core.verb:set package 'arm_description' build argument 'cmake_target' from command line to 'None'
[13.363s] Level 5:colcon.colcon_core.verb:set package 'arm_description' build argument 'cmake_target_skip_unavailable' from command line to 'False'
[13.363s] Level 5:colcon.colcon_core.verb:set package 'arm_description' build argument 'cmake_clean_cache' from command line to 'False'
[13.363s] Level 5:colcon.colcon_core.verb:set package 'arm_description' build argument 'cmake_clean_first' from command line to 'False'
[13.363s] Level 5:colcon.colcon_core.verb:set package 'arm_description' build argument 'cmake_force_configure' from command line to 'False'
[13.363s] Level 5:colcon.colcon_core.verb:set package 'arm_description' build argument 'ament_cmake_args' from command line to 'None'
[13.363s] Level 5:colcon.colcon_core.verb:set package 'arm_description' build argument 'catkin_cmake_args' from command line to 'None'
[13.363s] Level 5:colcon.colcon_core.verb:set package 'arm_description' build argument 'catkin_skip_building_tests' from command line to 'False'
[13.363s] DEBUG:colcon.colcon_core.verb:Building package 'arm_description' with the following arguments: {'ament_cmake_args': None, 'build_base': '/home/lami/Task/task4ws/build/arm_description', 'catkin_cmake_args': None, 'catkin_skip_building_tests': False, 'cmake_args': None, 'cmake_clean_cache': False, 'cmake_clean_first': False, 'cmake_force_configure': False, 'cmake_target': None, 'cmake_target_skip_unavailable': False, 'install_base': '/home/lami/Task/task4ws/install/arm_description', 'merge_install': False, 'path': '/home/lami/Task/task4ws/arm_description', 'symlink_install': True, 'test_result_base': None}
[13.363s] INFO:colcon.colcon_core.executor:Executing jobs using 'parallel' executor
[13.366s] DEBUG:colcon.colcon_parallel_executor.executor.parallel:run_until_complete
[13.366s] INFO:colcon.colcon_ros.task.ament_cmake.build:Building ROS package in '/home/lami/Task/task4ws/arm_description' with build type 'ament_cmake'
[13.366s] INFO:colcon.colcon_cmake.task.cmake.build:Building CMake package in '/home/lami/Task/task4ws/arm_description'
[13.459s] INFO:colcon.colcon_core.plugin_system:Skipping extension 'colcon_core.shell.bat': Not used on non-Windows systems
[13.460s] INFO:colcon.colcon_core.shell:Skip shell extension 'powershell' for command environment: Not usable outside of PowerShell
[13.460s] DEBUG:colcon.colcon_core.shell:Skip shell extension 'dsv' for command environment
[13.508s] DEBUG:colcon.colcon_core.event_handler.log_command:Invoking command in '/home/lami/Task/task4ws/build/arm_description': CMAKE_PREFIX_PATH=${CMAKE_PREFIX_PATH}:/opt/ros/humble /usr/bin/cmake /home/lami/Task/task4ws/arm_description -DAMENT_CMAKE_SYMLINK_INSTALL=1 -DCMAKE_INSTALL_PREFIX=/home/lami/Task/task4ws/install/arm_description
[18.769s] DEBUG:colcon.colcon_core.event_handler.log_command:Invoked command in '/home/lami/Task/task4ws/build/arm_description' returned '0': CMAKE_PREFIX_PATH=${CMAKE_PREFIX_PATH}:/opt/ros/humble /usr/bin/cmake /home/lami/Task/task4ws/arm_description -DAMENT_CMAKE_SYMLINK_INSTALL=1 -DCMAKE_INSTALL_PREFIX=/home/lami/Task/task4ws/install/arm_description
[18.773s] DEBUG:colcon.colcon_core.event_handler.log_command:Invoking command in '/home/lami/Task/task4ws/build/arm_description': CMAKE_PREFIX_PATH=${CMAKE_PREFIX_PATH}:/opt/ros/humble /usr/bin/cmake --build /home/lami/Task/task4ws/build/arm_description -- -j8 -l8
[18.813s] DEBUG:colcon.colcon_core.event_handler.log_command:Invoked command in '/home/lami/Task/task4ws/build/arm_description' returned '0': CMAKE_PREFIX_PATH=${CMAKE_PREFIX_PATH}:/opt/ros/humble /usr/bin/cmake --build /home/lami/Task/task4ws/build/arm_description -- -j8 -l8
[18.825s] DEBUG:colcon.colcon_core.event_handler.log_command:Invoking command in '/home/lami/Task/task4ws/build/arm_description': CMAKE_PREFIX_PATH=${CMAKE_PREFIX_PATH}:/opt/ros/humble /usr/bin/cmake --install /home/lami/Task/task4ws/build/arm_description
[19.159s] Level 1:colcon.colcon_core.environment:create_environment_scripts_only(arm_description)
[19.160s] DEBUG:colcon.colcon_core.event_handler.log_command:Invoked command in '/home/lami/Task/task4ws/build/arm_description' returned '0': CMAKE_PREFIX_PATH=${CMAKE_PREFIX_PATH}:/opt/ros/humble /usr/bin/cmake --install /home/lami/Task/task4ws/build/arm_description
[19.295s] Level 1:colcon.colcon_core.environment:checking '/home/lami/Task/task4ws/install/arm_description' for CMake module files
[19.297s] Level 1:colcon.colcon_core.environment:checking '/home/lami/Task/task4ws/install/arm_description' for CMake config files
[19.299s] Level 1:colcon.colcon_core.shell:create_environment_hook('arm_description', 'cmake_prefix_path')
[19.300s] INFO:colcon.colcon_core.shell:Creating environment hook '/home/lami/Task/task4ws/install/arm_description/share/arm_description/hook/cmake_prefix_path.ps1'
[19.315s] INFO:colcon.colcon_core.shell:Creating environment descriptor '/home/lami/Task/task4ws/install/arm_description/share/arm_description/hook/cmake_prefix_path.dsv'
[19.333s] INFO:colcon.colcon_core.shell:Creating environment hook '/home/lami/Task/task4ws/install/arm_description/share/arm_description/hook/cmake_prefix_path.sh'
[19.337s] Level 1:colcon.colcon_core.environment:checking '/home/lami/Task/task4ws/install/arm_description/bin'
[19.338s] Level 1:colcon.colcon_core.environment:checking '/home/lami/Task/task4ws/install/arm_description/lib/pkgconfig/arm_description.pc'
[19.339s] Level 1:colcon.colcon_core.environment:checking '/home/lami/Task/task4ws/install/arm_description/lib/python3.10/site-packages'
[19.339s] Level 1:colcon.colcon_core.environment:checking '/home/lami/Task/task4ws/install/arm_description/bin'
[19.340s] INFO:colcon.colcon_core.shell:Creating package script '/home/lami/Task/task4ws/install/arm_description/share/arm_description/package.ps1'
[19.343s] INFO:colcon.colcon_core.shell:Creating package descriptor '/home/lami/Task/task4ws/install/arm_description/share/arm_description/package.dsv'
[19.356s] INFO:colcon.colcon_core.shell:Creating package script '/home/lami/Task/task4ws/install/arm_description/share/arm_description/package.sh'
[19.358s] INFO:colcon.colcon_core.shell:Creating package script '/home/lami/Task/task4ws/install/arm_description/share/arm_description/package.bash'
[19.361s] INFO:colcon.colcon_core.shell:Creating package script '/home/lami/Task/task4ws/install/arm_description/share/arm_description/package.zsh'
[19.369s] Level 1:colcon.colcon_core.environment:create_file_with_runtime_dependencies(/home/lami/Task/task4ws/install/arm_description/share/colcon-core/packages/arm_description)
[19.372s] Level 1:colcon.colcon_core.environment:create_environment_scripts_only(arm_description)
[19.372s] Level 1:colcon.colcon_core.environment:checking '/home/lami/Task/task4ws/install/arm_description' for CMake module files
[19.373s] Level 1:colcon.colcon_core.environment:checking '/home/lami/Task/task4ws/install/arm_description' for CMake config files
[19.374s] Level 1:colcon.colcon_core.shell:create_environment_hook('arm_description', 'cmake_prefix_path')
[19.374s] INFO:colcon.colcon_core.shell:Creating environment hook '/home/lami/Task/task4ws/install/arm_description/share/arm_description/hook/cmake_prefix_path.ps1'
[19.375s] INFO:colcon.colcon_core.shell:Creating environment descriptor '/home/lami/Task/task4ws/install/arm_description/share/arm_description/hook/cmake_prefix_path.dsv'
[19.375s] INFO:colcon.colcon_core.shell:Creating environment hook '/home/lami/Task/task4ws/install/arm_description/share/arm_description/hook/cmake_prefix_path.sh'
[19.376s] Level 1:colcon.colcon_core.environment:checking '/home/lami/Task/task4ws/install/arm_description/bin'
[19.376s] Level 1:colcon.colcon_core.environment:checking '/home/lami/Task/task4ws/install/arm_description/lib/pkgconfig/arm_description.pc'
[19.376s] Level 1:colcon.colcon_core.environment:checking '/home/lami/Task/task4ws/install/arm_description/lib/python3.10/site-packages'
[19.377s] Level 1:colcon.colcon_core.environment:checking '/home/lami/Task/task4ws/install/arm_description/bin'
[19.377s] INFO:colcon.colcon_core.shell:Creating package script '/home/lami/Task/task4ws/install/arm_description/share/arm_description/package.ps1'
[19.378s] INFO:colcon.colcon_core.shell:Creating package descriptor '/home/lami/Task/task4ws/install/arm_description/share/arm_description/package.dsv'
[19.378s] INFO:colcon.colcon_core.shell:Creating package script '/home/lami/Task/task4ws/install/arm_description/share/arm_description/package.sh'
[19.379s] INFO:colcon.colcon_core.shell:Creating package script '/home/lami/Task/task4ws/install/arm_description/share/arm_description/package.bash'
[19.380s] INFO:colcon.colcon_core.shell:Creating package script '/home/lami/Task/task4ws/install/arm_description/share/arm_description/package.zsh'
[19.380s] Level 1:colcon.colcon_core.environment:create_file_with_runtime_dependencies(/home/lami/Task/task4ws/install/arm_description/share/colcon-core/packages/arm_description)
[19.380s] DEBUG:colcon.colcon_parallel_executor.executor.parallel:closing loop
[19.381s] DEBUG:colcon.colcon_parallel_executor.executor.parallel:loop closed
[19.381s] DEBUG:colcon.colcon_parallel_executor.executor.parallel:run_until_complete finished with '0'
[19.381s] DEBUG:colcon.colcon_core.event_reactor:joining thread
[19.513s] INFO:colcon.colcon_core.plugin_system:Skipping extension 'colcon_notification.desktop_notification.notify_send': Could not find 'notify-send'
[19.513s] INFO:colcon.colcon_core.plugin_system:Skipping extension 'colcon_notification.desktop_notification.terminal_notifier': Not used on non-Darwin systems
[19.513s] INFO:colcon.colcon_core.plugin_system:Skipping extension 'colcon_notification.desktop_notification.win32': Not used on non-Windows systems
[19.513s] INFO:colcon.colcon_notification.desktop_notification:Sending desktop notification using 'notify2'
[19.514s] DEBUG:colcon.colcon_notification.desktop_notification.notify2:Failed to initialize notify2: org.freedesktop.DBus.Error.FileNotFound: Failed to connect to socket /run/user/1000/bus: No such file or directory
[19.514s] DEBUG:colcon.colcon_core.event_reactor:joined thread
[19.514s] INFO:colcon.colcon_core.shell:Creating prefix script '/home/lami/Task/task4ws/install/local_setup.ps1'
[19.516s] INFO:colcon.colcon_core.shell:Creating prefix util module '/home/lami/Task/task4ws/install/_local_setup_util_ps1.py'
[19.517s] INFO:colcon.colcon_core.shell:Creating prefix chain script '/home/lami/Task/task4ws/install/setup.ps1'
[19.518s] INFO:colcon.colcon_core.shell:Creating prefix script '/home/lami/Task/task4ws/install/local_setup.sh'
[19.527s] INFO:colcon.colcon_core.shell:Creating prefix util module '/home/lami/Task/task4ws/install/_local_setup_util_sh.py'
[19.528s] INFO:colcon.colcon_core.shell:Creating prefix chain script '/home/lami/Task/task4ws/install/setup.sh'
[19.530s] INFO:colcon.colcon_core.shell:Creating prefix script '/home/lami/Task/task4ws/install/local_setup.bash'
[19.531s] INFO:colcon.colcon_core.shell:Creating prefix chain script '/home/lami/Task/task4ws/install/setup.bash'
[19.532s] INFO:colcon.colcon_core.shell:Creating prefix script '/home/lami/Task/task4ws/install/local_setup.zsh'
[19.533s] INFO:colcon.colcon_core.shell:Creating prefix chain script '/home/lami/Task/task4ws/install/setup.zsh'
